<?xml version="1.0" encoding="UTF-8"?>
<Site BuildName="(empty)"
	BuildStamp="20250521-1351-Experimental"
	Name="c0140cadd148"
	Generator="ctest-3.22.1"
	CompilerName="/usr/bin/g++"
	CompilerVersion="11.4.0"
	OSName="Linux"
	Hostname="c0140cadd148"
	OSRelease="6.10.14-linuxkit"
	OSVersion="#1 SMP Tue Apr 15 16:00:54 UTC 2025"
	OSPlatform="x86_64"
	Is64Bits="1"
	VendorString="VirtualApple"
	VendorID="Unknown Manufacturer"
	FamilyID="6"
	ModelID="142"
	ProcessorCacheSize="6144"
	NumberOfLogicalCPU="8"
	NumberOfPhysicalCPU="8"
	TotalVirtualMemory="1023"
	TotalPhysicalMemory="3919"
	LogicalProcessorsPerPhysical="1"
	ProcessorClockFrequency="2502.06"
	>
	<Testing>
		<StartDateTime>May 21 14:10 UTC</StartDateTime>
		<StartTestTime>1747836651</StartTestTime>
		<TestList/>
		<EndDateTime>May 21 14:10 UTC</EndDateTime>
		<EndTestTime>1747836651</EndTestTime>
		<ElapsedMinutes>0</ElapsedMinutes>
	</Testing>
</Site>
