[01m[K/root/ros2_ws/src/my_drone_pkg/src/drone_mission_node.cpp:[m[K In constructor â€˜[01m[KDroneMissionNode::DroneMissionNode()[m[Kâ€™:
[01m[K/root/ros2_ws/src/my_drone_pkg/src/drone_mission_node.cpp:83:89:[m[K [01;31m[Kerror: [m[Kâ€˜[01m[Kclass rclcpp::Parameter[m[Kâ€™ has no member named â€˜[01m[Kas_float[m[Kâ€™
   83 |         target_relative_altitude_m_ = this->get_parameter("target_relative_altitude_m").[01;31m[Kas_float[m[K();
      |                                                                                         [01;31m[K^~~~~~~~[m[K
[01m[K/root/ros2_ws/src/my_drone_pkg/src/drone_mission_node.cpp:84:73:[m[K [01;31m[Kerror: [m[Kâ€˜[01m[Kclass rclcpp::Parameter[m[Kâ€™ has no member named â€˜[01m[Kas_float[m[Kâ€™
   84 |         takeoff_altitude_m_ = this->get_parameter("takeoff_altitude_m").[01;31m[Kas_float[m[K();
      |                                                                         [01;31m[K^~~~~~~~[m[K
[01m[K/root/ros2_ws/src/my_drone_pkg/src/drone_mission_node.cpp:85:75:[m[K [01;31m[Kerror: [m[Kâ€˜[01m[Kclass rclcpp::Parameter[m[Kâ€™ has no member named â€˜[01m[Kas_float[m[Kâ€™
   85 |         arrival_threshold_m_ = this->get_parameter("arrival_threshold_m").[01;31m[Kas_float[m[K();
      |                                                                           [01;31m[K^~~~~~~~[m[K
[01m[K/root/ros2_ws/src/my_drone_pkg/src/drone_mission_node.cpp:86:63:[m[K [01;31m[Kerror: [m[Kâ€˜[01m[Kclass rclcpp::Parameter[m[Kâ€™ has no member named â€˜[01m[Kas_float[m[Kâ€™
   86 |         max_speed_m_s_ = this->get_parameter("max_speed_m_s").[01;31m[Kas_float[m[K();
      |                                                               [01;31m[K^~~~~~~~[m[K
[01m[K/root/ros2_ws/src/my_drone_pkg/src/drone_mission_node.cpp:87:81:[m[K [01;31m[Kerror: [m[Kâ€˜[01m[Kclass rclcpp::Parameter[m[Kâ€™ has no member named â€˜[01m[Kas_float[m[Kâ€™
   87 |         max_vertical_speed_m_s_ = this->get_parameter("max_vertical_speed_m_s").[01;31m[Kas_float[m[K();
      |                                                                                 [01;31m[K^~~~~~~~[m[K
In file included from [01m[K/opt/ros/humble/include/rclcpp/rclcpp/logging.hpp:24[m[K,
                 from [01m[K/opt/ros/humble/include/rclcpp/rclcpp/client.hpp:40[m[K,
                 from [01m[K/opt/ros/humble/include/rclcpp/rclcpp/callback_group.hpp:24[m[K,
                 from [01m[K/opt/ros/humble/include/rclcpp/rclcpp/any_executable.hpp:20[m[K,
                 from [01m[K/opt/ros/humble/include/rclcpp/rclcpp/memory_strategy.hpp:25[m[K,
                 from [01m[K/opt/ros/humble/include/rclcpp/rclcpp/memory_strategies.hpp:18[m[K,
                 from [01m[K/opt/ros/humble/include/rclcpp/rclcpp/executor_options.hpp:20[m[K,
                 from [01m[K/opt/ros/humble/include/rclcpp/rclcpp/executor.hpp:37[m[K,
                 from [01m[K/opt/ros/humble/include/rclcpp/rclcpp/executors/multi_threaded_executor.hpp:25[m[K,
                 from [01m[K/opt/ros/humble/include/rclcpp/rclcpp/executors.hpp:21[m[K,
                 from [01m[K/opt/ros/humble/include/rclcpp/rclcpp/rclcpp.hpp:155[m[K,
                 from [01m[K/root/ros2_ws/src/my_drone_pkg/src/drone_mission_node.cpp:1[m[K:
[01m[K/root/ros2_ws/src/my_drone_pkg/src/drone_mission_node.cpp:[m[K In destructor â€˜[01m[Kvirtual DroneMissionNode::~DroneMissionNode()[m[Kâ€™:
[01m[K/root/ros2_ws/src/my_drone_pkg/src/drone_mission_node.cpp:112:95:[m[K [01;31m[Kerror: [m[Kâ€˜[01m[Kresult_str[m[Kâ€™ is not a member of â€˜[01m[Kmavsdk::Offboard[m[Kâ€™
  112 |                     RCLCPP_ERROR(this->get_logger(), "Failed to stop offboard: %s", Offboard::[01;31m[Kresult_str[m[K(stop_result));
      |                                                                                               [01;31m[K^~~~~~~~~~[m[K
[01m[K/root/ros2_ws/src/my_drone_pkg/src/drone_mission_node.cpp:[m[K In member function â€˜[01m[Kvoid DroneMissionNode::run_mission()[m[Kâ€™:
[01m[K/root/ros2_ws/src/my_drone_pkg/src/drone_mission_node.cpp:123:74:[m[K [01;31m[Kerror: [m[Kâ€˜[01m[KComponentType[m[Kâ€™ is not a member of â€˜[01m[Kmavsdk::Mavsdk[m[Kâ€™
  123 |         mavsdk_ = std::make_shared<Mavsdk>(Mavsdk::Configuration{Mavsdk::[01;31m[KComponentType[m[K::GroundStation});
      |                                                                          [01;31m[K^~~~~~~~~~~~~[m[K
[01m[K/root/ros2_ws/src/my_drone_pkg/src/drone_mission_node.cpp:123:74:[m[K [01;31m[Kerror: [m[Kno matching function for call to â€˜[01m[Kmavsdk::Mavsdk::Configuration::Configuration(<brace-enclosed initializer list>)[m[Kâ€™
In file included from [01m[K/root/ros2_ws/src/my_drone_pkg/src/drone_mission_node.cpp:2[m[K:
[01m[K/usr/include/mavsdk/mavsdk.h:206:18:[m[K [01;36m[Knote: [m[Kcandidate: â€˜[01m[Kmavsdk::Mavsdk::Configuration::Configuration(mavsdk::ComponentType)[m[Kâ€™
  206 |         explicit [01;36m[KConfiguration[m[K(ComponentType component_type);
      |                  [01;36m[K^~~~~~~~~~~~~[m[K
[01m[K/usr/include/mavsdk/mavsdk.h:206:18:[m[K [01;36m[Knote: [m[K  conversion of argument 1 would be ill-formed:
[01m[K/usr/include/mavsdk/mavsdk.h:199:18:[m[K [01;36m[Knote: [m[Kcandidate: â€˜[01m[Kmavsdk::Mavsdk::Configuration::Configuration(uint8_t, uint8_t, bool)[m[Kâ€™
  199 |         explicit [01;36m[KConfiguration[m[K(
      |                  [01;36m[K^~~~~~~~~~~~~[m[K
[01m[K/usr/include/mavsdk/mavsdk.h:199:18:[m[K [01;36m[Knote: [m[K  candidate expects 3 arguments, 1 provided
[01m[K/usr/include/mavsdk/mavsdk.h:190:11:[m[K [01;36m[Knote: [m[Kcandidate: â€˜[01m[Kconstexpr mavsdk::Mavsdk::Configuration::Configuration(const mavsdk::Mavsdk::Configuration&)[m[Kâ€™
  190 |     class [01;36m[KConfiguration[m[K {
      |           [01;36m[K^~~~~~~~~~~~~[m[K
[01m[K/usr/include/mavsdk/mavsdk.h:190:11:[m[K [01;36m[Knote: [m[K  conversion of argument 1 would be ill-formed:
[01m[K/root/ros2_ws/src/my_drone_pkg/src/drone_mission_node.cpp:123:65:[m[K [01;31m[Kerror: [m[Kexpected primary-expression before â€˜[01m[K{[m[Kâ€™ token
  123 |         mavsdk_ = std::make_shared<Mavsdk>(Mavsdk::Configuration[01;31m[K{[m[KMavsdk::ComponentType::GroundStation});
      |                                                                 [01;31m[K^[m[K
[01m[K/root/ros2_ws/src/my_drone_pkg/src/drone_mission_node.cpp:125:55:[m[K [01;31m[Kerror: [m[Kâ€˜[01m[Kusing element_type = class mavsdk::Mavsdk[m[Kâ€™ {aka â€˜[01m[Kclass mavsdk::Mavsdk[m[Kâ€™} has no member named â€˜[01m[Kadd_connection[m[Kâ€™; did you mean â€˜[01m[Kadd_any_connection[m[Kâ€™?
  125 |         ConnectionResult connection_result = mavsdk_->[01;31m[Kadd_connection[m[K(connection_url_);
      |                                                       [01;31m[K^~~~~~~~~~~~~~[m[K
      |                                                       [32m[Kadd_any_connection[m[K
In file included from [01m[K/opt/ros/humble/include/rclcpp/rclcpp/logging.hpp:24[m[K,
                 from [01m[K/opt/ros/humble/include/rclcpp/rclcpp/client.hpp:40[m[K,
                 from [01m[K/opt/ros/humble/include/rclcpp/rclcpp/callback_group.hpp:24[m[K,
                 from [01m[K/opt/ros/humble/include/rclcpp/rclcpp/any_executable.hpp:20[m[K,
                 from [01m[K/opt/ros/humble/include/rclcpp/rclcpp/memory_strategy.hpp:25[m[K,
                 from [01m[K/opt/ros/humble/include/rclcpp/rclcpp/memory_strategies.hpp:18[m[K,
                 from [01m[K/opt/ros/humble/include/rclcpp/rclcpp/executor_options.hpp:20[m[K,
                 from [01m[K/opt/ros/humble/include/rclcpp/rclcpp/executor.hpp:37[m[K,
                 from [01m[K/opt/ros/humble/include/rclcpp/rclcpp/executors/multi_threaded_executor.hpp:25[m[K,
                 from [01m[K/opt/ros/humble/include/rclcpp/rclcpp/executors.hpp:21[m[K,
                 from [01m[K/opt/ros/humble/include/rclcpp/rclcpp/rclcpp.hpp:155[m[K,
                 from [01m[K/root/ros2_ws/src/my_drone_pkg/src/drone_mission_node.cpp:1[m[K:
[01m[K/root/ros2_ws/src/my_drone_pkg/src/drone_mission_node.cpp:127:71:[m[K [01;31m[Kerror: [m[Kâ€˜[01m[Kconnection_result_str[m[Kâ€™ was not declared in this scope; did you mean â€˜[01m[Kconnection_result[m[Kâ€™?
  127 |             RCLCPP_ERROR(this->get_logger(), "Connection failed: %s", [01;31m[Kconnection_result_str[m[K(connection_result));
      |                                                                       [01;31m[K^~~~~~~~~~~~~~~~~~~~~[m[K
[01m[K/root/ros2_ws/src/my_drone_pkg/src/drone_mission_node.cpp:205:75:[m[K [01;31m[Kerror: [m[Kâ€˜[01m[Kresult_str[m[Kâ€™ is not a member of â€˜[01m[Kmavsdk::Action[m[Kâ€™
  205 |             RCLCPP_ERROR(this->get_logger(), "Arming failed: %s", Action::[01;31m[Kresult_str[m[K(arm_result));
      |                                                                           [01;31m[K^~~~~~~~~~[m[K
[01m[K/root/ros2_ws/src/my_drone_pkg/src/drone_mission_node.cpp:217:76:[m[K [01;31m[Kerror: [m[Kâ€˜[01m[Kresult_str[m[Kâ€™ is not a member of â€˜[01m[Kmavsdk::Action[m[Kâ€™
  217 |             RCLCPP_ERROR(this->get_logger(), "Takeoff failed: %s", Action::[01;31m[Kresult_str[m[K(takeoff_result));
      |                                                                            [01;31m[K^~~~~~~~~~[m[K
[01m[K/root/ros2_ws/src/my_drone_pkg/src/drone_mission_node.cpp:255:85:[m[K [01;31m[Kerror: [m[Kâ€˜[01m[Kresult_str[m[Kâ€™ is not a member of â€˜[01m[Kmavsdk::Offboard[m[Kâ€™
  255 |             RCLCPP_ERROR(this->get_logger(), "Offboard start failed: %s", Offboard::[01;31m[Kresult_str[m[K(offboard_start_result));
      |                                                                                     [01;31m[K^~~~~~~~~~[m[K
[01m[K/root/ros2_ws/src/my_drone_pkg/src/drone_mission_node.cpp:293:96:[m[K [01;31m[Kerror: [m[Kâ€˜[01m[Kresult_str[m[Kâ€™ is not a member of â€˜[01m[Kmavsdk::Offboard[m[Kâ€™
  293 |                     RCLCPP_ERROR(this->get_logger(), "Offboard re-start failed: %s", Offboard::[01;31m[Kresult_str[m[K(re_offboard_start_result));
      |                                                                                                [01;31m[K^~~~~~~~~~[m[K
[01m[K/root/ros2_ws/src/my_drone_pkg/src/drone_mission_node.cpp:339:88:[m[K [01;31m[Kerror: [m[Kâ€˜[01m[Kresult_str[m[Kâ€™ is not a member of â€˜[01m[Kmavsdk::Offboard[m[Kâ€™
  339 |                 RCLCPP_ERROR(this->get_logger(), "Offboard stop failed: %s", Offboard::[01;31m[Kresult_str[m[K(offboard_stop_result));
      |                                                                                        [01;31m[K^~~~~~~~~~[m[K
[01m[K/root/ros2_ws/src/my_drone_pkg/src/drone_mission_node.cpp:347:5:[m[K [01;31m[Kerror: [m[Kjump to label â€˜[01m[Kland_sequence[m[Kâ€™
  347 |     [01;31m[Kland_sequence[m[K: // ì°©ë¥™ ì‹œí€€ìŠ¤ ì‹œìž‘ì 
      |     [01;31m[K^~~~~~~~~~~~~[m[K
[01m[K/root/ros2_ws/src/my_drone_pkg/src/drone_mission_node.cpp:237:42:[m[K [01;36m[Knote: [m[K  from here
  237 |         if (emergency_triggered_) { goto [01;36m[Kland_sequence[m[K; } // ë¹„ìƒ ìƒí™© ì‹œ ë°”ë¡œ ì°©ë¥™ìœ¼ë¡œ
      |                                          [01;36m[K^~~~~~~~~~~~~[m[K
[01m[K/root/ros2_ws/src/my_drone_pkg/src/drone_mission_node.cpp:253:26:[m[K [01;36m[Knote: [m[K  crosses initialization of â€˜[01m[Kmavsdk::Offboard::Result offboard_start_result[m[Kâ€™
  253 |         Offboard::Result [01;36m[Koffboard_start_result[m[K = offboard_->start();
      |                          [01;36m[K^~~~~~~~~~~~~~~~~~~~~[m[K
[01m[K/root/ros2_ws/src/my_drone_pkg/src/drone_mission_node.cpp:244:34:[m[K [01;36m[Knote: [m[K  crosses initialization of â€˜[01m[Kmavsdk::Offboard::VelocityNedYaw initial_setpoint[m[Kâ€™
  244 |         Offboard::VelocityNedYaw [01;36m[Kinitial_setpoint[m[K{}; // 0,0,0,0
      |                                  [01;36m[K^~~~~~~~~~~~~~~~[m[K
In file included from [01m[K/opt/ros/humble/include/rclcpp/rclcpp/logging.hpp:24[m[K,
                 from [01m[K/opt/ros/humble/include/rclcpp/rclcpp/client.hpp:40[m[K,
                 from [01m[K/opt/ros/humble/include/rclcpp/rclcpp/callback_group.hpp:24[m[K,
                 from [01m[K/opt/ros/humble/include/rclcpp/rclcpp/any_executable.hpp:20[m[K,
                 from [01m[K/opt/ros/humble/include/rclcpp/rclcpp/memory_strategy.hpp:25[m[K,
                 from [01m[K/opt/ros/humble/include/rclcpp/rclcpp/memory_strategies.hpp:18[m[K,
                 from [01m[K/opt/ros/humble/include/rclcpp/rclcpp/executor_options.hpp:20[m[K,
                 from [01m[K/opt/ros/humble/include/rclcpp/rclcpp/executor.hpp:37[m[K,
                 from [01m[K/opt/ros/humble/include/rclcpp/rclcpp/executors/multi_threaded_executor.hpp:25[m[K,
                 from [01m[K/opt/ros/humble/include/rclcpp/rclcpp/executors.hpp:21[m[K,
                 from [01m[K/opt/ros/humble/include/rclcpp/rclcpp/rclcpp.hpp:155[m[K,
                 from [01m[K/root/ros2_ws/src/my_drone_pkg/src/drone_mission_node.cpp:1[m[K:
[01m[K/root/ros2_ws/src/my_drone_pkg/src/drone_mission_node.cpp:358:76:[m[K [01;31m[Kerror: [m[Kâ€˜[01m[Kresult_str[m[Kâ€™ is not a member of â€˜[01m[Kmavsdk::Action[m[Kâ€™
  358 |             RCLCPP_ERROR(this->get_logger(), "Landing failed: %s", Action::[01;31m[Kresult_str[m[K(land_result));
      |                                                                            [01;31m[K^~~~~~~~~~[m[K
[01m[K/root/ros2_ws/src/my_drone_pkg/src/drone_mission_node.cpp:376:78:[m[K [01;31m[Kerror: [m[Kâ€˜[01m[Kresult_str[m[Kâ€™ is not a member of â€˜[01m[Kmavsdk::Action[m[Kâ€™
  376 |             RCLCPP_ERROR(this->get_logger(), "Disarming failed: %s", Action::[01;31m[Kresult_str[m[K(disarm_result));
      |                                                                              [01;31m[K^~~~~~~~~~[m[K
[01m[K/root/ros2_ws/src/my_drone_pkg/src/drone_mission_node.cpp:[m[K In member function â€˜[01m[Kvoid DroneMissionNode::handle_emergency_stop(std::shared_ptr<std_srvs::srv::Trigger_Request_<std::allocator<void> > >, std::shared_ptr<std_srvs::srv::Trigger_Response_<std::allocator<void> > >)[m[Kâ€™:
[01m[K/root/ros2_ws/src/my_drone_pkg/src/drone_mission_node.cpp:402:102:[m[K [01;31m[Kerror: [m[Kâ€˜[01m[Kresult_str[m[Kâ€™ is not a member of â€˜[01m[Kmavsdk::Offboard[m[Kâ€™
  402 |                 RCLCPP_ERROR(this->get_logger(), "Emergency: Failed to stop offboard: %s", Offboard::[01;31m[Kresult_str[m[K(stop_result));
      |                                                                                                      [01;31m[K^~~~~~~~~~[m[K
gmake[2]: *** [CMakeFiles/drone_mission_node.dir/build.make:76: CMakeFiles/drone_mission_node.dir/src/drone_mission_node.cpp.o] Error 1
gmake[1]: *** [CMakeFiles/Makefile2:137: CMakeFiles/drone_mission_node.dir/all] Error 2
gmake: *** [Makefile:146: all] Error 2
