[0.087s] Invoking command in '/root/ros2_ws/src/my_drone_pkg/build/my_drone_pkg': CMAKE_PREFIX_PATH=/opt/ros/humble /usr/bin/cmake /root/ros2_ws/src/my_drone_pkg -DCMAKE_INSTALL_PREFIX=/root/ros2_ws/src/my_drone_pkg/install/my_drone_pkg
[0.774s] -- The C compiler identification is GNU 11.4.0
[1.255s] -- The CXX compiler identification is GNU 11.4.0
[1.297s] -- Detecting C compiler ABI info
[1.977s] -- Detecting C compiler ABI info - done
[1.995s] -- Check for working C compiler: /usr/bin/cc - skipped
[1.995s] -- Detecting C compile features
[1.996s] -- Detecting C compile features - done
[2.000s] -- Detecting CXX compiler ABI info
[2.590s] -- Detecting CXX compiler ABI info - done
[2.608s] -- Check for working CXX compiler: /usr/bin/c++ - skipped
[2.608s] -- Detecting CXX compile features
[2.609s] -- Detecting CXX compile features - done
[2.621s] -- Found ament_cmake: 1.3.11 (/opt/ros/humble/share/ament_cmake/cmake)
[3.424s] -- Found Python3: /usr/bin/python3 (found version "3.10.12") found components: Interpreter 
[3.638s] -- Found rclcpp: 16.0.12 (/opt/ros/humble/share/rclcpp/cmake)
[3.699s] -- Found rosidl_generator_c: 3.1.6 (/opt/ros/humble/share/rosidl_generator_c/cmake)
[3.704s] -- Found rosidl_adapter: 3.1.6 (/opt/ros/humble/share/rosidl_adapter/cmake)
[3.712s] -- Found rosidl_generator_cpp: 3.1.6 (/opt/ros/humble/share/rosidl_generator_cpp/cmake)
[3.729s] -- Using all available rosidl_typesupport_c: rosidl_typesupport_fastrtps_c;rosidl_typesupport_introspection_c
[3.747s] -- Using all available rosidl_typesupport_cpp: rosidl_typesupport_fastrtps_cpp;rosidl_typesupport_introspection_cpp
[3.798s] -- Found rmw_implementation_cmake: 6.1.2 (/opt/ros/humble/share/rmw_implementation_cmake/cmake)
[3.800s] -- Found rmw_fastrtps_cpp: 6.2.7 (/opt/ros/humble/share/rmw_fastrtps_cpp/cmake)
[4.343s] -- Found OpenSSL: /usr/lib/x86_64-linux-gnu/libcrypto.so (found version "3.0.2")  
[4.384s] -- Found FastRTPS: /opt/ros/humble/include  
[4.450s] -- Using RMW implementation 'rmw_fastrtps_cpp' as default
[4.459s] -- Looking for pthread.h
[5.068s] -- Looking for pthread.h - found
[5.068s] -- Performing Test CMAKE_HAVE_LIBC_PTHREAD
[5.694s] -- Performing Test CMAKE_HAVE_LIBC_PTHREAD - Success
[5.695s] -- Found Threads: TRUE  
[5.762s] -- Found geometry_msgs: 4.8.0 (/opt/ros/humble/share/geometry_msgs/cmake)
[5.779s] -- Found sensor_msgs: 4.8.0 (/opt/ros/humble/share/sensor_msgs/cmake)
[5.804s] -- Found std_srvs: 4.8.0 (/opt/ros/humble/share/std_srvs/cmake)
[5.825s] -- Found ament_lint_auto: 0.12.12 (/opt/ros/humble/share/ament_lint_auto/cmake)
[6.032s] -- Added test 'cppcheck' to perform static code analysis on C / C++ code
[6.032s] -- Configured cppcheck include dirs: 
[6.033s] -- Configured cppcheck exclude dirs and/or files: 
[6.035s] -- Added test 'lint_cmake' to check CMake code style
[6.038s] -- Added test 'uncrustify' to check C / C++ code style
[6.038s] -- Configured uncrustify additional arguments: 
[6.039s] -- Added test 'xmllint' to check XML markup files
[6.043s] -- Configuring done
[6.080s] -- Generating done
[6.097s] -- Build files have been written to: /root/ros2_ws/src/my_drone_pkg/build/my_drone_pkg
[6.119s] Invoked command in '/root/ros2_ws/src/my_drone_pkg/build/my_drone_pkg' returned '0': CMAKE_PREFIX_PATH=/opt/ros/humble /usr/bin/cmake /root/ros2_ws/src/my_drone_pkg -DCMAKE_INSTALL_PREFIX=/root/ros2_ws/src/my_drone_pkg/install/my_drone_pkg
[6.133s] Invoking command in '/root/ros2_ws/src/my_drone_pkg/build/my_drone_pkg': CMAKE_PREFIX_PATH=/opt/ros/humble /usr/bin/cmake --build /root/ros2_ws/src/my_drone_pkg/build/my_drone_pkg -- -j8 -l8
[6.623s] [ 50%] [32mBuilding CXX object CMakeFiles/drone_mission_node.dir/src/drone_mission_node.cpp.o[0m
[10.699s] [01m[K/root/ros2_ws/src/my_drone_pkg/src/drone_mission_node.cpp:[m[K In constructor â€˜[01m[KDroneMissionNode::DroneMissionNode()[m[Kâ€™:
[10.700s] [01m[K/root/ros2_ws/src/my_drone_pkg/src/drone_mission_node.cpp:83:89:[m[K [01;31m[Kerror: [m[Kâ€˜[01m[Kclass rclcpp::Parameter[m[Kâ€™ has no member named â€˜[01m[Kas_float[m[Kâ€™
[10.700s]    83 |         target_relative_altitude_m_ = this->get_parameter("target_relative_altitude_m").[01;31m[Kas_float[m[K();
[10.700s]       |                                                                                         [01;31m[K^~~~~~~~[m[K
[10.700s] [01m[K/root/ros2_ws/src/my_drone_pkg/src/drone_mission_node.cpp:84:73:[m[K [01;31m[Kerror: [m[Kâ€˜[01m[Kclass rclcpp::Parameter[m[Kâ€™ has no member named â€˜[01m[Kas_float[m[Kâ€™
[10.700s]    84 |         takeoff_altitude_m_ = this->get_parameter("takeoff_altitude_m").[01;31m[Kas_float[m[K();
[10.700s]       |                                                                         [01;31m[K^~~~~~~~[m[K
[10.700s] [01m[K/root/ros2_ws/src/my_drone_pkg/src/drone_mission_node.cpp:85:75:[m[K [01;31m[Kerror: [m[Kâ€˜[01m[Kclass rclcpp::Parameter[m[Kâ€™ has no member named â€˜[01m[Kas_float[m[Kâ€™
[10.700s]    85 |         arrival_threshold_m_ = this->get_parameter("arrival_threshold_m").[01;31m[Kas_float[m[K();
[10.700s]       |                                                                           [01;31m[K^~~~~~~~[m[K
[10.700s] [01m[K/root/ros2_ws/src/my_drone_pkg/src/drone_mission_node.cpp:86:63:[m[K [01;31m[Kerror: [m[Kâ€˜[01m[Kclass rclcpp::Parameter[m[Kâ€™ has no member named â€˜[01m[Kas_float[m[Kâ€™
[10.700s]    86 |         max_speed_m_s_ = this->get_parameter("max_speed_m_s").[01;31m[Kas_float[m[K();
[10.700s]       |                                                               [01;31m[K^~~~~~~~[m[K
[10.701s] [01m[K/root/ros2_ws/src/my_drone_pkg/src/drone_mission_node.cpp:87:81:[m[K [01;31m[Kerror: [m[Kâ€˜[01m[Kclass rclcpp::Parameter[m[Kâ€™ has no member named â€˜[01m[Kas_float[m[Kâ€™
[10.701s]    87 |         max_vertical_speed_m_s_ = this->get_parameter("max_vertical_speed_m_s").[01;31m[Kas_float[m[K();
[10.701s]       |                                                                                 [01;31m[K^~~~~~~~[m[K
[10.708s] In file included from [01m[K/opt/ros/humble/include/rclcpp/rclcpp/logging.hpp:24[m[K,
[10.708s]                  from [01m[K/opt/ros/humble/include/rclcpp/rclcpp/client.hpp:40[m[K,
[10.708s]                  from [01m[K/opt/ros/humble/include/rclcpp/rclcpp/callback_group.hpp:24[m[K,
[10.708s]                  from [01m[K/opt/ros/humble/include/rclcpp/rclcpp/any_executable.hpp:20[m[K,
[10.708s]                  from [01m[K/opt/ros/humble/include/rclcpp/rclcpp/memory_strategy.hpp:25[m[K,
[10.709s]                  from [01m[K/opt/ros/humble/include/rclcpp/rclcpp/memory_strategies.hpp:18[m[K,
[10.709s]                  from [01m[K/opt/ros/humble/include/rclcpp/rclcpp/executor_options.hpp:20[m[K,
[10.709s]                  from [01m[K/opt/ros/humble/include/rclcpp/rclcpp/executor.hpp:37[m[K,
[10.709s]                  from [01m[K/opt/ros/humble/include/rclcpp/rclcpp/executors/multi_threaded_executor.hpp:25[m[K,
[10.709s]                  from [01m[K/opt/ros/humble/include/rclcpp/rclcpp/executors.hpp:21[m[K,
[10.709s]                  from [01m[K/opt/ros/humble/include/rclcpp/rclcpp/rclcpp.hpp:155[m[K,
[10.709s]                  from [01m[K/root/ros2_ws/src/my_drone_pkg/src/drone_mission_node.cpp:1[m[K:
[10.709s] [01m[K/root/ros2_ws/src/my_drone_pkg/src/drone_mission_node.cpp:[m[K In destructor â€˜[01m[Kvirtual DroneMissionNode::~DroneMissionNode()[m[Kâ€™:
[10.709s] [01m[K/root/ros2_ws/src/my_drone_pkg/src/drone_mission_node.cpp:112:95:[m[K [01;31m[Kerror: [m[Kâ€˜[01m[Kresult_str[m[Kâ€™ is not a member of â€˜[01m[Kmavsdk::Offboard[m[Kâ€™
[10.709s]   112 |                     RCLCPP_ERROR(this->get_logger(), "Failed to stop offboard: %s", Offboard::[01;31m[Kresult_str[m[K(stop_result));
[10.709s]       |                                                                                               [01;31m[K^~~~~~~~~~[m[K
[10.710s] [01m[K/root/ros2_ws/src/my_drone_pkg/src/drone_mission_node.cpp:[m[K In member function â€˜[01m[Kvoid DroneMissionNode::run_mission()[m[Kâ€™:
[10.710s] [01m[K/root/ros2_ws/src/my_drone_pkg/src/drone_mission_node.cpp:123:74:[m[K [01;31m[Kerror: [m[Kâ€˜[01m[KComponentType[m[Kâ€™ is not a member of â€˜[01m[Kmavsdk::Mavsdk[m[Kâ€™
[10.710s]   123 |         mavsdk_ = std::make_shared<Mavsdk>(Mavsdk::Configuration{Mavsdk::[01;31m[KComponentType[m[K::GroundStation});
[10.710s]       |                                                                          [01;31m[K^~~~~~~~~~~~~[m[K
[10.710s] [01m[K/root/ros2_ws/src/my_drone_pkg/src/drone_mission_node.cpp:123:74:[m[K [01;31m[Kerror: [m[Kno matching function for call to â€˜[01m[Kmavsdk::Mavsdk::Configuration::Configuration(<brace-enclosed initializer list>)[m[Kâ€™
[10.710s] In file included from [01m[K/root/ros2_ws/src/my_drone_pkg/src/drone_mission_node.cpp:2[m[K:
[10.710s] [01m[K/usr/include/mavsdk/mavsdk.h:206:18:[m[K [01;36m[Knote: [m[Kcandidate: â€˜[01m[Kmavsdk::Mavsdk::Configuration::Configuration(mavsdk::ComponentType)[m[Kâ€™
[10.711s]   206 |         explicit [01;36m[KConfiguration[m[K(ComponentType component_type);
[10.711s]       |                  [01;36m[K^~~~~~~~~~~~~[m[K
[10.711s] [01m[K/usr/include/mavsdk/mavsdk.h:206:18:[m[K [01;36m[Knote: [m[K  conversion of argument 1 would be ill-formed:
[10.711s] [01m[K/usr/include/mavsdk/mavsdk.h:199:18:[m[K [01;36m[Knote: [m[Kcandidate: â€˜[01m[Kmavsdk::Mavsdk::Configuration::Configuration(uint8_t, uint8_t, bool)[m[Kâ€™
[10.711s]   199 |         explicit [01;36m[KConfiguration[m[K(
[10.711s]       |                  [01;36m[K^~~~~~~~~~~~~[m[K
[10.711s] [01m[K/usr/include/mavsdk/mavsdk.h:199:18:[m[K [01;36m[Knote: [m[K  candidate expects 3 arguments, 1 provided
[10.711s] [01m[K/usr/include/mavsdk/mavsdk.h:190:11:[m[K [01;36m[Knote: [m[Kcandidate: â€˜[01m[Kconstexpr mavsdk::Mavsdk::Configuration::Configuration(const mavsdk::Mavsdk::Configuration&)[m[Kâ€™
[10.711s]   190 |     class [01;36m[KConfiguration[m[K {
[10.711s]       |           [01;36m[K^~~~~~~~~~~~~[m[K
[10.711s] [01m[K/usr/include/mavsdk/mavsdk.h:190:11:[m[K [01;36m[Knote: [m[K  conversion of argument 1 would be ill-formed:
[10.711s] [01m[K/root/ros2_ws/src/my_drone_pkg/src/drone_mission_node.cpp:123:65:[m[K [01;31m[Kerror: [m[Kexpected primary-expression before â€˜[01m[K{[m[Kâ€™ token
[10.711s]   123 |         mavsdk_ = std::make_shared<Mavsdk>(Mavsdk::Configuration[01;31m[K{[m[KMavsdk::ComponentType::GroundStation});
[10.711s]       |                                                                 [01;31m[K^[m[K
[10.712s] [01m[K/root/ros2_ws/src/my_drone_pkg/src/drone_mission_node.cpp:125:55:[m[K [01;31m[Kerror: [m[Kâ€˜[01m[Kusing element_type = class mavsdk::Mavsdk[m[Kâ€™ {aka â€˜[01m[Kclass mavsdk::Mavsdk[m[Kâ€™} has no member named â€˜[01m[Kadd_connection[m[Kâ€™; did you mean â€˜[01m[Kadd_any_connection[m[Kâ€™?
[10.712s]   125 |         ConnectionResult connection_result = mavsdk_->[01;31m[Kadd_connection[m[K(connection_url_);
[10.712s]       |                                                       [01;31m[K^~~~~~~~~~~~~~[m[K
[10.712s]       |                                                       [32m[Kadd_any_connection[m[K
[10.739s] In file included from [01m[K/opt/ros/humble/include/rclcpp/rclcpp/logging.hpp:24[m[K,
[10.739s]                  from [01m[K/opt/ros/humble/include/rclcpp/rclcpp/client.hpp:40[m[K,
[10.739s]                  from [01m[K/opt/ros/humble/include/rclcpp/rclcpp/callback_group.hpp:24[m[K,
[10.739s]                  from [01m[K/opt/ros/humble/include/rclcpp/rclcpp/any_executable.hpp:20[m[K,
[10.739s]                  from [01m[K/opt/ros/humble/include/rclcpp/rclcpp/memory_strategy.hpp:25[m[K,
[10.739s]                  from [01m[K/opt/ros/humble/include/rclcpp/rclcpp/memory_strategies.hpp:18[m[K,
[10.739s]                  from [01m[K/opt/ros/humble/include/rclcpp/rclcpp/executor_options.hpp:20[m[K,
[10.739s]                  from [01m[K/opt/ros/humble/include/rclcpp/rclcpp/executor.hpp:37[m[K,
[10.739s]                  from [01m[K/opt/ros/humble/include/rclcpp/rclcpp/executors/multi_threaded_executor.hpp:25[m[K,
[10.740s]                  from [01m[K/opt/ros/humble/include/rclcpp/rclcpp/executors.hpp:21[m[K,
[10.740s]                  from [01m[K/opt/ros/humble/include/rclcpp/rclcpp/rclcpp.hpp:155[m[K,
[10.740s]                  from [01m[K/root/ros2_ws/src/my_drone_pkg/src/drone_mission_node.cpp:1[m[K:
[10.740s] [01m[K/root/ros2_ws/src/my_drone_pkg/src/drone_mission_node.cpp:127:71:[m[K [01;31m[Kerror: [m[Kâ€˜[01m[Kconnection_result_str[m[Kâ€™ was not declared in this scope; did you mean â€˜[01m[Kconnection_result[m[Kâ€™?
[10.740s]   127 |             RCLCPP_ERROR(this->get_logger(), "Connection failed: %s", [01;31m[Kconnection_result_str[m[K(connection_result));
[10.740s]       |                                                                       [01;31m[K^~~~~~~~~~~~~~~~~~~~~[m[K
[10.766s] [01m[K/root/ros2_ws/src/my_drone_pkg/src/drone_mission_node.cpp:205:75:[m[K [01;31m[Kerror: [m[Kâ€˜[01m[Kresult_str[m[Kâ€™ is not a member of â€˜[01m[Kmavsdk::Action[m[Kâ€™
[10.766s]   205 |             RCLCPP_ERROR(this->get_logger(), "Arming failed: %s", Action::[01;31m[Kresult_str[m[K(arm_result));
[10.766s]       |                                                                           [01;31m[K^~~~~~~~~~[m[K
[10.767s] [01m[K/root/ros2_ws/src/my_drone_pkg/src/drone_mission_node.cpp:217:76:[m[K [01;31m[Kerror: [m[Kâ€˜[01m[Kresult_str[m[Kâ€™ is not a member of â€˜[01m[Kmavsdk::Action[m[Kâ€™
[10.767s]   217 |             RCLCPP_ERROR(this->get_logger(), "Takeoff failed: %s", Action::[01;31m[Kresult_str[m[K(takeoff_result));
[10.767s]       |                                                                            [01;31m[K^~~~~~~~~~[m[K
[10.770s] [01m[K/root/ros2_ws/src/my_drone_pkg/src/drone_mission_node.cpp:255:85:[m[K [01;31m[Kerror: [m[Kâ€˜[01m[Kresult_str[m[Kâ€™ is not a member of â€˜[01m[Kmavsdk::Offboard[m[Kâ€™
[10.770s]   255 |             RCLCPP_ERROR(this->get_logger(), "Offboard start failed: %s", Offboard::[01;31m[Kresult_str[m[K(offboard_start_result));
[10.770s]       |                                                                                     [01;31m[K^~~~~~~~~~[m[K
[10.773s] [01m[K/root/ros2_ws/src/my_drone_pkg/src/drone_mission_node.cpp:293:96:[m[K [01;31m[Kerror: [m[Kâ€˜[01m[Kresult_str[m[Kâ€™ is not a member of â€˜[01m[Kmavsdk::Offboard[m[Kâ€™
[10.774s]   293 |                     RCLCPP_ERROR(this->get_logger(), "Offboard re-start failed: %s", Offboard::[01;31m[Kresult_str[m[K(re_offboard_start_result));
[10.774s]       |                                                                                                [01;31m[K^~~~~~~~~~[m[K
[10.776s] [01m[K/root/ros2_ws/src/my_drone_pkg/src/drone_mission_node.cpp:339:88:[m[K [01;31m[Kerror: [m[Kâ€˜[01m[Kresult_str[m[Kâ€™ is not a member of â€˜[01m[Kmavsdk::Offboard[m[Kâ€™
[10.776s]   339 |                 RCLCPP_ERROR(this->get_logger(), "Offboard stop failed: %s", Offboard::[01;31m[Kresult_str[m[K(offboard_stop_result));
[10.776s]       |                                                                                        [01;31m[K^~~~~~~~~~[m[K
[10.777s] [01m[K/root/ros2_ws/src/my_drone_pkg/src/drone_mission_node.cpp:347:5:[m[K [01;31m[Kerror: [m[Kjump to label â€˜[01m[Kland_sequence[m[Kâ€™
[10.777s]   347 |     [01;31m[Kland_sequence[m[K: // ì°©ë¥™ ì‹œí€€ìŠ¤ ì‹œìž‘ì 
[10.777s]       |     [01;31m[K^~~~~~~~~~~~~[m[K
[10.777s] [01m[K/root/ros2_ws/src/my_drone_pkg/src/drone_mission_node.cpp:237:42:[m[K [01;36m[Knote: [m[K  from here
[10.777s]   237 |         if (emergency_triggered_) { goto [01;36m[Kland_sequence[m[K; } // ë¹„ìƒ ìƒí™© ì‹œ ë°”ë¡œ ì°©ë¥™ìœ¼ë¡œ
[10.778s]       |                                          [01;36m[K^~~~~~~~~~~~~[m[K
[10.778s] [01m[K/root/ros2_ws/src/my_drone_pkg/src/drone_mission_node.cpp:253:26:[m[K [01;36m[Knote: [m[K  crosses initialization of â€˜[01m[Kmavsdk::Offboard::Result offboard_start_result[m[Kâ€™
[10.778s]   253 |         Offboard::Result [01;36m[Koffboard_start_result[m[K = offboard_->start();
[10.778s]       |                          [01;36m[K^~~~~~~~~~~~~~~~~~~~~[m[K
[10.778s] [01m[K/root/ros2_ws/src/my_drone_pkg/src/drone_mission_node.cpp:244:34:[m[K [01;36m[Knote: [m[K  crosses initialization of â€˜[01m[Kmavsdk::Offboard::VelocityNedYaw initial_setpoint[m[Kâ€™
[10.778s]   244 |         Offboard::VelocityNedYaw [01;36m[Kinitial_setpoint[m[K{}; // 0,0,0,0
[10.778s]       |                                  [01;36m[K^~~~~~~~~~~~~~~~[m[K
[10.778s] In file included from [01m[K/opt/ros/humble/include/rclcpp/rclcpp/logging.hpp:24[m[K,
[10.778s]                  from [01m[K/opt/ros/humble/include/rclcpp/rclcpp/client.hpp:40[m[K,
[10.778s]                  from [01m[K/opt/ros/humble/include/rclcpp/rclcpp/callback_group.hpp:24[m[K,
[10.779s]                  from [01m[K/opt/ros/humble/include/rclcpp/rclcpp/any_executable.hpp:20[m[K,
[10.779s]                  from [01m[K/opt/ros/humble/include/rclcpp/rclcpp/memory_strategy.hpp:25[m[K,
[10.779s]                  from [01m[K/opt/ros/humble/include/rclcpp/rclcpp/memory_strategies.hpp:18[m[K,
[10.779s]                  from [01m[K/opt/ros/humble/include/rclcpp/rclcpp/executor_options.hpp:20[m[K,
[10.779s]                  from [01m[K/opt/ros/humble/include/rclcpp/rclcpp/executor.hpp:37[m[K,
[10.779s]                  from [01m[K/opt/ros/humble/include/rclcpp/rclcpp/executors/multi_threaded_executor.hpp:25[m[K,
[10.779s]                  from [01m[K/opt/ros/humble/include/rclcpp/rclcpp/executors.hpp:21[m[K,
[10.779s]                  from [01m[K/opt/ros/humble/include/rclcpp/rclcpp/rclcpp.hpp:155[m[K,
[10.780s]                  from [01m[K/root/ros2_ws/src/my_drone_pkg/src/drone_mission_node.cpp:1[m[K:
[10.780s] [01m[K/root/ros2_ws/src/my_drone_pkg/src/drone_mission_node.cpp:358:76:[m[K [01;31m[Kerror: [m[Kâ€˜[01m[Kresult_str[m[Kâ€™ is not a member of â€˜[01m[Kmavsdk::Action[m[Kâ€™
[10.780s]   358 |             RCLCPP_ERROR(this->get_logger(), "Landing failed: %s", Action::[01;31m[Kresult_str[m[K(land_result));
[10.780s]       |                                                                            [01;31m[K^~~~~~~~~~[m[K
[10.782s] [01m[K/root/ros2_ws/src/my_drone_pkg/src/drone_mission_node.cpp:376:78:[m[K [01;31m[Kerror: [m[Kâ€˜[01m[Kresult_str[m[Kâ€™ is not a member of â€˜[01m[Kmavsdk::Action[m[Kâ€™
[10.782s]   376 |             RCLCPP_ERROR(this->get_logger(), "Disarming failed: %s", Action::[01;31m[Kresult_str[m[K(disarm_result));
[10.782s]       |                                                                              [01;31m[K^~~~~~~~~~[m[K
[10.797s] [01m[K/root/ros2_ws/src/my_drone_pkg/src/drone_mission_node.cpp:[m[K In member function â€˜[01m[Kvoid DroneMissionNode::handle_emergency_stop(std::shared_ptr<std_srvs::srv::Trigger_Request_<std::allocator<void> > >, std::shared_ptr<std_srvs::srv::Trigger_Response_<std::allocator<void> > >)[m[Kâ€™:
[10.797s] [01m[K/root/ros2_ws/src/my_drone_pkg/src/drone_mission_node.cpp:402:102:[m[K [01;31m[Kerror: [m[Kâ€˜[01m[Kresult_str[m[Kâ€™ is not a member of â€˜[01m[Kmavsdk::Offboard[m[Kâ€™
[10.797s]   402 |                 RCLCPP_ERROR(this->get_logger(), "Emergency: Failed to stop offboard: %s", Offboard::[01;31m[Kresult_str[m[K(stop_result));
[10.797s]       |                                                                                                      [01;31m[K^~~~~~~~~~[m[K
[11.869s] gmake[2]: *** [CMakeFiles/drone_mission_node.dir/build.make:76: CMakeFiles/drone_mission_node.dir/src/drone_mission_node.cpp.o] Error 1
[11.874s] gmake[1]: *** [CMakeFiles/Makefile2:137: CMakeFiles/drone_mission_node.dir/all] Error 2
[11.878s] gmake: *** [Makefile:146: all] Error 2
[11.898s] Invoked command in '/root/ros2_ws/src/my_drone_pkg/build/my_drone_pkg' returned '2': CMAKE_PREFIX_PATH=/opt/ros/humble /usr/bin/cmake --build /root/ros2_ws/src/my_drone_pkg/build/my_drone_pkg -- -j8 -l8
