[0.070s] Invoking command in '/root/ros2_ws/build/my_drone_pkg': CMAKE_PREFIX_PATH=/opt/ros/humble /usr/bin/cmake /root/ros2_ws/src/my_drone_pkg -DCMAKE_INSTALL_PREFIX=/root/ros2_ws/install/my_drone_pkg
[0.195s] -- Found ament_cmake: 1.3.11 (/opt/ros/humble/share/ament_cmake/cmake)
[0.646s] -- Found rclcpp: 16.0.12 (/opt/ros/humble/share/rclcpp/cmake)
[0.692s] -- Found rosidl_generator_c: 3.1.6 (/opt/ros/humble/share/rosidl_generator_c/cmake)
[0.696s] -- Found rosidl_adapter: 3.1.6 (/opt/ros/humble/share/rosidl_adapter/cmake)
[0.703s] -- Found rosidl_generator_cpp: 3.1.6 (/opt/ros/humble/share/rosidl_generator_cpp/cmake)
[0.716s] -- Using all available rosidl_typesupport_c: rosidl_typesupport_fastrtps_c;rosidl_typesupport_introspection_c
[0.733s] -- Using all available rosidl_typesupport_cpp: rosidl_typesupport_fastrtps_cpp;rosidl_typesupport_introspection_cpp
[0.772s] -- Found rmw_implementation_cmake: 6.1.2 (/opt/ros/humble/share/rmw_implementation_cmake/cmake)
[0.774s] -- Found rmw_fastrtps_cpp: 6.2.7 (/opt/ros/humble/share/rmw_fastrtps_cpp/cmake)
[0.942s] -- Using RMW implementation 'rmw_fastrtps_cpp' as default
[1.033s] -- Found geometry_msgs: 4.8.0 (/opt/ros/humble/share/geometry_msgs/cmake)
[1.054s] -- Found sensor_msgs: 4.8.0 (/opt/ros/humble/share/sensor_msgs/cmake)
[1.077s] -- Found std_srvs: 4.8.0 (/opt/ros/humble/share/std_srvs/cmake)
[1.098s] -- Found ament_lint_auto: 0.12.12 (/opt/ros/humble/share/ament_lint_auto/cmake)
[1.278s] -- Added test 'cppcheck' to perform static code analysis on C / C++ code
[1.279s] -- Configured cppcheck include dirs: 
[1.279s] -- Configured cppcheck exclude dirs and/or files: 
[1.280s] -- Added test 'lint_cmake' to check CMake code style
[1.281s] -- Added test 'uncrustify' to check C / C++ code style
[1.281s] -- Configured uncrustify additional arguments: 
[1.281s] -- Added test 'xmllint' to check XML markup files
[1.285s] -- Configuring done
[1.370s] -- Generating done
[1.388s] -- Build files have been written to: /root/ros2_ws/build/my_drone_pkg
[1.417s] Invoked command in '/root/ros2_ws/build/my_drone_pkg' returned '0': CMAKE_PREFIX_PATH=/opt/ros/humble /usr/bin/cmake /root/ros2_ws/src/my_drone_pkg -DCMAKE_INSTALL_PREFIX=/root/ros2_ws/install/my_drone_pkg
[1.418s] Invoking command in '/root/ros2_ws/build/my_drone_pkg': CMAKE_PREFIX_PATH=/opt/ros/humble /usr/bin/cmake --build /root/ros2_ws/build/my_drone_pkg -- -j8 -l8
[1.832s] [ 50%] [32mBuilding CXX object CMakeFiles/drone_mission_node.dir/src/drone_mission_node.cpp.o[0m
[6.277s] [01m[K/root/ros2_ws/src/my_drone_pkg/src/drone_mission_node.cpp:[m[K In constructor â€˜[01m[KDroneMissionNode::DroneMissionNode()[m[Kâ€™:
[6.277s] [01m[K/root/ros2_ws/src/my_drone_pkg/src/drone_mission_node.cpp:83:89:[m[K [01;31m[Kerror: [m[Kâ€˜[01m[Kclass rclcpp::Parameter[m[Kâ€™ has no member named â€˜[01m[Kas_float[m[Kâ€™
[6.277s]    83 |         target_relative_altitude_m_ = this->get_parameter("target_relative_altitude_m").[01;31m[Kas_float[m[K();
[6.277s]       |                                                                                         [01;31m[K^~~~~~~~[m[K
[6.277s] [01m[K/root/ros2_ws/src/my_drone_pkg/src/drone_mission_node.cpp:84:73:[m[K [01;31m[Kerror: [m[Kâ€˜[01m[Kclass rclcpp::Parameter[m[Kâ€™ has no member named â€˜[01m[Kas_float[m[Kâ€™
[6.277s]    84 |         takeoff_altitude_m_ = this->get_parameter("takeoff_altitude_m").[01;31m[Kas_float[m[K();
[6.277s]       |                                                                         [01;31m[K^~~~~~~~[m[K
[6.278s] [01m[K/root/ros2_ws/src/my_drone_pkg/src/drone_mission_node.cpp:85:75:[m[K [01;31m[Kerror: [m[Kâ€˜[01m[Kclass rclcpp::Parameter[m[Kâ€™ has no member named â€˜[01m[Kas_float[m[Kâ€™
[6.278s]    85 |         arrival_threshold_m_ = this->get_parameter("arrival_threshold_m").[01;31m[Kas_float[m[K();
[6.278s]       |                                                                           [01;31m[K^~~~~~~~[m[K
[6.278s] [01m[K/root/ros2_ws/src/my_drone_pkg/src/drone_mission_node.cpp:86:63:[m[K [01;31m[Kerror: [m[Kâ€˜[01m[Kclass rclcpp::Parameter[m[Kâ€™ has no member named â€˜[01m[Kas_float[m[Kâ€™
[6.278s]    86 |         max_speed_m_s_ = this->get_parameter("max_speed_m_s").[01;31m[Kas_float[m[K();
[6.278s]       |                                                               [01;31m[K^~~~~~~~[m[K
[6.278s] [01m[K/root/ros2_ws/src/my_drone_pkg/src/drone_mission_node.cpp:87:81:[m[K [01;31m[Kerror: [m[Kâ€˜[01m[Kclass rclcpp::Parameter[m[Kâ€™ has no member named â€˜[01m[Kas_float[m[Kâ€™
[6.278s]    87 |         max_vertical_speed_m_s_ = this->get_parameter("max_vertical_speed_m_s").[01;31m[Kas_float[m[K();
[6.278s]       |                                                                                 [01;31m[K^~~~~~~~[m[K
[6.292s] In file included from [01m[K/opt/ros/humble/include/rclcpp/rclcpp/logging.hpp:24[m[K,
[6.292s]                  from [01m[K/opt/ros/humble/include/rclcpp/rclcpp/client.hpp:40[m[K,
[6.292s]                  from [01m[K/opt/ros/humble/include/rclcpp/rclcpp/callback_group.hpp:24[m[K,
[6.292s]                  from [01m[K/opt/ros/humble/include/rclcpp/rclcpp/any_executable.hpp:20[m[K,
[6.292s]                  from [01m[K/opt/ros/humble/include/rclcpp/rclcpp/memory_strategy.hpp:25[m[K,
[6.292s]                  from [01m[K/opt/ros/humble/include/rclcpp/rclcpp/memory_strategies.hpp:18[m[K,
[6.292s]                  from [01m[K/opt/ros/humble/include/rclcpp/rclcpp/executor_options.hpp:20[m[K,
[6.292s]                  from [01m[K/opt/ros/humble/include/rclcpp/rclcpp/executor.hpp:37[m[K,
[6.292s]                  from [01m[K/opt/ros/humble/include/rclcpp/rclcpp/executors/multi_threaded_executor.hpp:25[m[K,
[6.293s]                  from [01m[K/opt/ros/humble/include/rclcpp/rclcpp/executors.hpp:21[m[K,
[6.293s]                  from [01m[K/opt/ros/humble/include/rclcpp/rclcpp/rclcpp.hpp:155[m[K,
[6.293s]                  from [01m[K/root/ros2_ws/src/my_drone_pkg/src/drone_mission_node.cpp:1[m[K:
[6.293s] [01m[K/root/ros2_ws/src/my_drone_pkg/src/drone_mission_node.cpp:[m[K In destructor â€˜[01m[Kvirtual DroneMissionNode::~DroneMissionNode()[m[Kâ€™:
[6.293s] [01m[K/root/ros2_ws/src/my_drone_pkg/src/drone_mission_node.cpp:112:95:[m[K [01;31m[Kerror: [m[Kâ€˜[01m[Kresult_str[m[Kâ€™ is not a member of â€˜[01m[Kmavsdk::Offboard[m[Kâ€™
[6.293s]   112 |                     RCLCPP_ERROR(this->get_logger(), "Failed to stop offboard: %s", Offboard::[01;31m[Kresult_str[m[K(stop_result));
[6.293s]       |                                                                                               [01;31m[K^~~~~~~~~~[m[K
[6.294s] [01m[K/root/ros2_ws/src/my_drone_pkg/src/drone_mission_node.cpp:[m[K In member function â€˜[01m[Kvoid DroneMissionNode::run_mission()[m[Kâ€™:
[6.295s] [01m[K/root/ros2_ws/src/my_drone_pkg/src/drone_mission_node.cpp:123:74:[m[K [01;31m[Kerror: [m[Kâ€˜[01m[KComponentType[m[Kâ€™ is not a member of â€˜[01m[Kmavsdk::Mavsdk[m[Kâ€™
[6.295s]   123 |         mavsdk_ = std::make_shared<Mavsdk>(Mavsdk::Configuration{Mavsdk::[01;31m[KComponentType[m[K::GroundStation});
[6.296s]       |                                                                          [01;31m[K^~~~~~~~~~~~~[m[K
[6.296s] [01m[K/root/ros2_ws/src/my_drone_pkg/src/drone_mission_node.cpp:123:74:[m[K [01;31m[Kerror: [m[Kno matching function for call to â€˜[01m[Kmavsdk::Mavsdk::Configuration::Configuration(<brace-enclosed initializer list>)[m[Kâ€™
[6.296s] In file included from [01m[K/root/ros2_ws/src/my_drone_pkg/src/drone_mission_node.cpp:2[m[K:
[6.296s] [01m[K/usr/include/mavsdk/mavsdk.h:206:18:[m[K [01;36m[Knote: [m[Kcandidate: â€˜[01m[Kmavsdk::Mavsdk::Configuration::Configuration(mavsdk::ComponentType)[m[Kâ€™
[6.296s]   206 |         explicit [01;36m[KConfiguration[m[K(ComponentType component_type);
[6.296s]       |                  [01;36m[K^~~~~~~~~~~~~[m[K
[6.296s] [01m[K/usr/include/mavsdk/mavsdk.h:206:18:[m[K [01;36m[Knote: [m[K  conversion of argument 1 would be ill-formed:
[6.297s] [01m[K/usr/include/mavsdk/mavsdk.h:199:18:[m[K [01;36m[Knote: [m[Kcandidate: â€˜[01m[Kmavsdk::Mavsdk::Configuration::Configuration(uint8_t, uint8_t, bool)[m[Kâ€™
[6.297s]   199 |         explicit [01;36m[KConfiguration[m[K(
[6.297s]       |                  [01;36m[K^~~~~~~~~~~~~[m[K
[6.297s] [01m[K/usr/include/mavsdk/mavsdk.h:199:18:[m[K [01;36m[Knote: [m[K  candidate expects 3 arguments, 1 provided
[6.297s] [01m[K/usr/include/mavsdk/mavsdk.h:190:11:[m[K [01;36m[Knote: [m[Kcandidate: â€˜[01m[Kconstexpr mavsdk::Mavsdk::Configuration::Configuration(const mavsdk::Mavsdk::Configuration&)[m[Kâ€™
[6.297s]   190 |     class [01;36m[KConfiguration[m[K {
[6.297s]       |           [01;36m[K^~~~~~~~~~~~~[m[K
[6.297s] [01m[K/usr/include/mavsdk/mavsdk.h:190:11:[m[K [01;36m[Knote: [m[K  conversion of argument 1 would be ill-formed:
[6.297s] [01m[K/root/ros2_ws/src/my_drone_pkg/src/drone_mission_node.cpp:123:65:[m[K [01;31m[Kerror: [m[Kexpected primary-expression before â€˜[01m[K{[m[Kâ€™ token
[6.297s]   123 |         mavsdk_ = std::make_shared<Mavsdk>(Mavsdk::Configuration[01;31m[K{[m[KMavsdk::ComponentType::GroundStation});
[6.298s]       |                                                                 [01;31m[K^[m[K
[6.298s] [01m[K/root/ros2_ws/src/my_drone_pkg/src/drone_mission_node.cpp:125:55:[m[K [01;31m[Kerror: [m[Kâ€˜[01m[Kusing element_type = class mavsdk::Mavsdk[m[Kâ€™ {aka â€˜[01m[Kclass mavsdk::Mavsdk[m[Kâ€™} has no member named â€˜[01m[Kadd_connection[m[Kâ€™; did you mean â€˜[01m[Kadd_any_connection[m[Kâ€™?
[6.299s]   125 |         ConnectionResult connection_result = mavsdk_->[01;31m[Kadd_connection[m[K(connection_url_);
[6.299s]       |                                                       [01;31m[K^~~~~~~~~~~~~~[m[K
[6.299s]       |                                                       [32m[Kadd_any_connection[m[K
[6.343s] In file included from [01m[K/opt/ros/humble/include/rclcpp/rclcpp/logging.hpp:24[m[K,
[6.343s]                  from [01m[K/opt/ros/humble/include/rclcpp/rclcpp/client.hpp:40[m[K,
[6.343s]                  from [01m[K/opt/ros/humble/include/rclcpp/rclcpp/callback_group.hpp:24[m[K,
[6.344s]                  from [01m[K/opt/ros/humble/include/rclcpp/rclcpp/any_executable.hpp:20[m[K,
[6.344s]                  from [01m[K/opt/ros/humble/include/rclcpp/rclcpp/memory_strategy.hpp:25[m[K,
[6.344s]                  from [01m[K/opt/ros/humble/include/rclcpp/rclcpp/memory_strategies.hpp:18[m[K,
[6.344s]                  from [01m[K/opt/ros/humble/include/rclcpp/rclcpp/executor_options.hpp:20[m[K,
[6.345s]                  from [01m[K/opt/ros/humble/include/rclcpp/rclcpp/executor.hpp:37[m[K,
[6.345s]                  from [01m[K/opt/ros/humble/include/rclcpp/rclcpp/executors/multi_threaded_executor.hpp:25[m[K,
[6.345s]                  from [01m[K/opt/ros/humble/include/rclcpp/rclcpp/executors.hpp:21[m[K,
[6.346s]                  from [01m[K/opt/ros/humble/include/rclcpp/rclcpp/rclcpp.hpp:155[m[K,
[6.346s]                  from [01m[K/root/ros2_ws/src/my_drone_pkg/src/drone_mission_node.cpp:1[m[K:
[6.346s] [01m[K/root/ros2_ws/src/my_drone_pkg/src/drone_mission_node.cpp:127:71:[m[K [01;31m[Kerror: [m[Kâ€˜[01m[Kconnection_result_str[m[Kâ€™ was not declared in this scope; did you mean â€˜[01m[Kconnection_result[m[Kâ€™?
[6.347s]   127 |             RCLCPP_ERROR(this->get_logger(), "Connection failed: %s", [01;31m[Kconnection_result_str[m[K(connection_result));
[6.347s]       |                                                                       [01;31m[K^~~~~~~~~~~~~~~~~~~~~[m[K
[6.383s] [01m[K/root/ros2_ws/src/my_drone_pkg/src/drone_mission_node.cpp:205:75:[m[K [01;31m[Kerror: [m[Kâ€˜[01m[Kresult_str[m[Kâ€™ is not a member of â€˜[01m[Kmavsdk::Action[m[Kâ€™
[6.383s]   205 |             RCLCPP_ERROR(this->get_logger(), "Arming failed: %s", Action::[01;31m[Kresult_str[m[K(arm_result));
[6.383s]       |                                                                           [01;31m[K^~~~~~~~~~[m[K
[6.384s] [01m[K/root/ros2_ws/src/my_drone_pkg/src/drone_mission_node.cpp:217:76:[m[K [01;31m[Kerror: [m[Kâ€˜[01m[Kresult_str[m[Kâ€™ is not a member of â€˜[01m[Kmavsdk::Action[m[Kâ€™
[6.384s]   217 |             RCLCPP_ERROR(this->get_logger(), "Takeoff failed: %s", Action::[01;31m[Kresult_str[m[K(takeoff_result));
[6.384s]       |                                                                            [01;31m[K^~~~~~~~~~[m[K
[6.388s] [01m[K/root/ros2_ws/src/my_drone_pkg/src/drone_mission_node.cpp:255:85:[m[K [01;31m[Kerror: [m[Kâ€˜[01m[Kresult_str[m[Kâ€™ is not a member of â€˜[01m[Kmavsdk::Offboard[m[Kâ€™
[6.388s]   255 |             RCLCPP_ERROR(this->get_logger(), "Offboard start failed: %s", Offboard::[01;31m[Kresult_str[m[K(offboard_start_result));
[6.388s]       |                                                                                     [01;31m[K^~~~~~~~~~[m[K
[6.390s] [01m[K/root/ros2_ws/src/my_drone_pkg/src/drone_mission_node.cpp:293:96:[m[K [01;31m[Kerror: [m[Kâ€˜[01m[Kresult_str[m[Kâ€™ is not a member of â€˜[01m[Kmavsdk::Offboard[m[Kâ€™
[6.390s]   293 |                     RCLCPP_ERROR(this->get_logger(), "Offboard re-start failed: %s", Offboard::[01;31m[Kresult_str[m[K(re_offboard_start_result));
[6.391s]       |                                                                                                [01;31m[K^~~~~~~~~~[m[K
[6.392s] [01m[K/root/ros2_ws/src/my_drone_pkg/src/drone_mission_node.cpp:339:88:[m[K [01;31m[Kerror: [m[Kâ€˜[01m[Kresult_str[m[Kâ€™ is not a member of â€˜[01m[Kmavsdk::Offboard[m[Kâ€™
[6.392s]   339 |                 RCLCPP_ERROR(this->get_logger(), "Offboard stop failed: %s", Offboard::[01;31m[Kresult_str[m[K(offboard_stop_result));
[6.392s]       |                                                                                        [01;31m[K^~~~~~~~~~[m[K
[6.393s] [01m[K/root/ros2_ws/src/my_drone_pkg/src/drone_mission_node.cpp:347:5:[m[K [01;31m[Kerror: [m[Kjump to label â€˜[01m[Kland_sequence[m[Kâ€™
[6.393s]   347 |     [01;31m[Kland_sequence[m[K: // ì°©ë¥™ ì‹œí€€ìŠ¤ ì‹œìž‘ì 
[6.393s]       |     [01;31m[K^~~~~~~~~~~~~[m[K
[6.393s] [01m[K/root/ros2_ws/src/my_drone_pkg/src/drone_mission_node.cpp:237:42:[m[K [01;36m[Knote: [m[K  from here
[6.393s]   237 |         if (emergency_triggered_) { goto [01;36m[Kland_sequence[m[K; } // ë¹„ìƒ ìƒí™© ì‹œ ë°”ë¡œ ì°©ë¥™ìœ¼ë¡œ
[6.393s]       |                                          [01;36m[K^~~~~~~~~~~~~[m[K
[6.393s] [01m[K/root/ros2_ws/src/my_drone_pkg/src/drone_mission_node.cpp:253:26:[m[K [01;36m[Knote: [m[K  crosses initialization of â€˜[01m[Kmavsdk::Offboard::Result offboard_start_result[m[Kâ€™
[6.393s]   253 |         Offboard::Result [01;36m[Koffboard_start_result[m[K = offboard_->start();
[6.393s]       |                          [01;36m[K^~~~~~~~~~~~~~~~~~~~~[m[K
[6.393s] [01m[K/root/ros2_ws/src/my_drone_pkg/src/drone_mission_node.cpp:244:34:[m[K [01;36m[Knote: [m[K  crosses initialization of â€˜[01m[Kmavsdk::Offboard::VelocityNedYaw initial_setpoint[m[Kâ€™
[6.394s]   244 |         Offboard::VelocityNedYaw [01;36m[Kinitial_setpoint[m[K{}; // 0,0,0,0
[6.394s]       |                                  [01;36m[K^~~~~~~~~~~~~~~~[m[K
[6.394s] In file included from [01m[K/opt/ros/humble/include/rclcpp/rclcpp/logging.hpp:24[m[K,
[6.395s]                  from [01m[K/opt/ros/humble/include/rclcpp/rclcpp/client.hpp:40[m[K,
[6.395s]                  from [01m[K/opt/ros/humble/include/rclcpp/rclcpp/callback_group.hpp:24[m[K,
[6.395s]                  from [01m[K/opt/ros/humble/include/rclcpp/rclcpp/any_executable.hpp:20[m[K,
[6.395s]                  from [01m[K/opt/ros/humble/include/rclcpp/rclcpp/memory_strategy.hpp:25[m[K,
[6.396s]                  from [01m[K/opt/ros/humble/include/rclcpp/rclcpp/memory_strategies.hpp:18[m[K,
[6.396s]                  from [01m[K/opt/ros/humble/include/rclcpp/rclcpp/executor_options.hpp:20[m[K,
[6.396s]                  from [01m[K/opt/ros/humble/include/rclcpp/rclcpp/executor.hpp:37[m[K,
[6.397s]                  from [01m[K/opt/ros/humble/include/rclcpp/rclcpp/executors/multi_threaded_executor.hpp:25[m[K,
[6.397s]                  from [01m[K/opt/ros/humble/include/rclcpp/rclcpp/executors.hpp:21[m[K,
[6.397s]                  from [01m[K/opt/ros/humble/include/rclcpp/rclcpp/rclcpp.hpp:155[m[K,
[6.397s]                  from [01m[K/root/ros2_ws/src/my_drone_pkg/src/drone_mission_node.cpp:1[m[K:
[6.398s] [01m[K/root/ros2_ws/src/my_drone_pkg/src/drone_mission_node.cpp:358:76:[m[K [01;31m[Kerror: [m[Kâ€˜[01m[Kresult_str[m[Kâ€™ is not a member of â€˜[01m[Kmavsdk::Action[m[Kâ€™
[6.398s]   358 |             RCLCPP_ERROR(this->get_logger(), "Landing failed: %s", Action::[01;31m[Kresult_str[m[K(land_result));
[6.398s]       |                                                                            [01;31m[K^~~~~~~~~~[m[K
[6.398s] [01m[K/root/ros2_ws/src/my_drone_pkg/src/drone_mission_node.cpp:376:78:[m[K [01;31m[Kerror: [m[Kâ€˜[01m[Kresult_str[m[Kâ€™ is not a member of â€˜[01m[Kmavsdk::Action[m[Kâ€™
[6.398s]   376 |             RCLCPP_ERROR(this->get_logger(), "Disarming failed: %s", Action::[01;31m[Kresult_str[m[K(disarm_result));
[6.398s]       |                                                                              [01;31m[K^~~~~~~~~~[m[K
[6.406s] [01m[K/root/ros2_ws/src/my_drone_pkg/src/drone_mission_node.cpp:[m[K In member function â€˜[01m[Kvoid DroneMissionNode::handle_emergency_stop(std::shared_ptr<std_srvs::srv::Trigger_Request_<std::allocator<void> > >, std::shared_ptr<std_srvs::srv::Trigger_Response_<std::allocator<void> > >)[m[Kâ€™:
[6.406s] [01m[K/root/ros2_ws/src/my_drone_pkg/src/drone_mission_node.cpp:402:102:[m[K [01;31m[Kerror: [m[Kâ€˜[01m[Kresult_str[m[Kâ€™ is not a member of â€˜[01m[Kmavsdk::Offboard[m[Kâ€™
[6.406s]   402 |                 RCLCPP_ERROR(this->get_logger(), "Emergency: Failed to stop offboard: %s", Offboard::[01;31m[Kresult_str[m[K(stop_result));
[6.406s]       |                                                                                                      [01;31m[K^~~~~~~~~~[m[K
[7.595s] gmake[2]: *** [CMakeFiles/drone_mission_node.dir/build.make:76: CMakeFiles/drone_mission_node.dir/src/drone_mission_node.cpp.o] Error 1
[7.599s] gmake[1]: *** [CMakeFiles/Makefile2:137: CMakeFiles/drone_mission_node.dir/all] Error 2
[7.604s] gmake: *** [Makefile:146: all] Error 2
[7.620s] Invoked command in '/root/ros2_ws/build/my_drone_pkg' returned '2': CMAKE_PREFIX_PATH=/opt/ros/humble /usr/bin/cmake --build /root/ros2_ws/build/my_drone_pkg -- -j8 -l8
